<?xml version="1.0" encoding="UTF-8"?>
<testng-results skipped="0" failed="0" ignored="0" total="1" passed="1">
  <reporter-output>
  </reporter-output>
  <suite name="Suite" duration-ms="47125" started-at="2021-06-10T08:09:54Z" finished-at="2021-06-10T08:10:41Z">
    <groups>
    </groups>
    <test name="Test" duration-ms="47125" started-at="2021-06-10T08:09:54Z" finished-at="2021-06-10T08:10:41Z">
      <class name="Apr10.MavenDemo.validateTitle">
        <test-method status="PASS" signature="initTest()[pri:0, instance:Apr10.MavenDemo.validateTitle@4cdbe50f]" name="initTest" is-config="true" duration-ms="44152" started-at="2021-06-10T08:09:54Z" finished-at="2021-06-10T08:10:38Z">
          <reporter-output>
          </reporter-output>
        </test-method> <!-- initTest -->
        <test-method status="PASS" signature="validatetitle()[pri:0, instance:Apr10.MavenDemo.validateTitle@4cdbe50f]" name="validatetitle" duration-ms="19" started-at="2021-06-10T08:10:38Z" finished-at="2021-06-10T08:10:38Z">
          <reporter-output>
          </reporter-output>
        </test-method> <!-- validatetitle -->
        <test-method status="PASS" signature="cleanUp()[pri:0, instance:Apr10.MavenDemo.validateTitle@4cdbe50f]" name="cleanUp" is-config="true" duration-ms="2920" started-at="2021-06-10T08:10:38Z" finished-at="2021-06-10T08:10:41Z">
          <reporter-output>
          </reporter-output>
        </test-method> <!-- cleanUp -->
      </class> <!-- Apr10.MavenDemo.validateTitle -->
    </test> <!-- Test -->
  </suite> <!-- Suite -->
</testng-results>
